Homework-Chapter-6/todolist/app/build/intermediates/manifest_merge_blame_file/debug/manifest-merger-blame-debug-report.txt
1<?xml version="1.0" encoding="utf-8"?>
2<manifest xmlns:android="http://schemas.android.com/apk/res/android"
3    package="com.byted.camp.todolist"
4    android:versionCode="1"
5    android:versionName="1.0" >
6
7    <uses-sdk
8        android:minSdkVersion="21"
8-->src/main/AndroidManifest.xml
9        android:targetSdkVersion="28" />
9-->src/main/AndroidManifest.xml
10
11    <uses-permission android:name="android.permission.WRITE_EXTERNAL_STORAGE" />
11-->src/main/AndroidManifest.xml:6:5-81
11-->src/main/AndroidManifest.xml:6:22-78
12
13    <application
13-->src/main/AndroidManifest.xml:8:5-28:19
14        android:allowBackup="true"
14-->src/main/AndroidManifest.xml:9:9-35
15        android:appComponentFactory="android.support.v4.app.CoreComponentFactory"
15-->[com.android.support:support-compat:28.0.0] AndroidManifest.xml:22:18-91
16        android:debuggable="true"
17        android:icon="@mipmap/ic_launcher"
17-->src/main/AndroidManifest.xml:10:9-43
18        android:label="@string/app_name"
18-->src/main/AndroidManifest.xml:11:9-41
19        android:roundIcon="@mipmap/ic_launcher_round"
19-->src/main/AndroidManifest.xml:12:9-54
20        android:supportsRtl="true"
20-->src/main/AndroidManifest.xml:13:9-35
21        android:testOnly="true"
22        android:theme="@style/AppTheme" >
22-->src/main/AndroidManifest.xml:14:9-40
23        <activity
23-->src/main/AndroidManifest.xml:16:9-25:20
24            android:name="com.byted.camp.todolist.MainActivity"
24-->src/main/AndroidManifest.xml:17:13-41
25            android:label="@string/app_name"
25-->src/main/AndroidManifest.xml:18:13-45
26            android:theme="@style/AppTheme.NoActionBar" >
26-->src/main/AndroidManifest.xml:19:13-56
27            <intent-filter>
27-->src/main/AndroidManifest.xml:20:13-24:29
28                <action android:name="android.intent.action.MAIN" />
28-->src/main/AndroidManifest.xml:21:17-69
28-->src/main/AndroidManifest.xml:21:25-66
29
30                <category android:name="android.intent.category.LAUNCHER" />
30-->src/main/AndroidManifest.xml:23:17-77
30-->src/main/AndroidManifest.xml:23:27-74
31            </intent-filter>
32        </activity>
33        <activity android:name="com.byted.camp.todolist.debug.DebugActivity" />
33-->src/main/AndroidManifest.xml:26:9-57
33-->src/main/AndroidManifest.xml:26:19-54
34        <activity android:name="com.byted.camp.todolist.NoteActivity" />
34-->src/main/AndroidManifest.xml:27:9-50
34-->src/main/AndroidManifest.xml:27:19-47
35    </application>
36
37</manifest>